[18 nov 2025 16:53:09] DEBUG Executing SQL script
[18 nov 2025 16:53:09] INFO ================================================================================
[18 nov 2025 16:53:09] INFO onError= 'stop'
[18 nov 2025 16:53:09] INFO autoCommit= 'false'
[18 nov 2025 16:53:09] INFO username= 'postgres'
[18 nov 2025 16:53:09] INFO outputPath= 'C:\WebRatio\WebRatio Platform 7.2.18.x64bit\workspace\prueba\.Temp~\UpdateSQL.xml'
[18 nov 2025 16:53:09] INFO outputLogPath= 'C:\WebRatio\WebRatio Platform 7.2.18.x64bit\workspace\prueba\.Temp~\UpdateSQL.xml.log'
[18 nov 2025 16:53:09] INFO encoding= ''
[18 nov 2025 16:53:09] INFO driverClass= 'org.postgresql.Driver'
[18 nov 2025 16:53:09] INFO sqlScript= 'C:\WebRatio\WebRatio Platform 7.2.18.x64bit\workspace\prueba\.Temp~\UpdateSQL.sql'
[18 nov 2025 16:53:09] INFO eventSocketPort= '54389'
[18 nov 2025 16:53:09] INFO statementSeparator= ';'
[18 nov 2025 16:53:09] INFO derby.system.home= 'C:\WebRatio\WebRatio Platform 7.2.18.x64bit\workspace\.metadata\.plugins\com.webratio.commons.db\derby'
[18 nov 2025 16:53:09] INFO password= '650784397'
[18 nov 2025 16:53:09] INFO url= 'jdbc:postgresql://localhost:5432/PracticaFinal'
[18 nov 2025 16:53:09] INFO ================================================================================
[18 nov 2025 16:53:09] INFO Connecting to the Database...
[18 nov 2025 16:53:09] INFO Database connection estabilished
[18 nov 2025 16:53:09] INFO transaction isolation: 2
[18 nov 2025 16:53:09] DEBUG ================================================================================
[18 nov 2025 16:53:09] DEBUG Executing SQL script file: C:\WebRatio\WebRatio Platform 7.2.18.x64bit\workspace\prueba\.Temp~\UpdateSQL.sql
[18 nov 2025 16:53:09] DEBUG Executing statement:  create table "public"."group" ( "oid"  int4  not null, "groupname"  varchar(255), primary key ("oid") )
[18 nov 2025 16:53:09] DEBUG Executing statement:    create table "public"."module" ( "oid"  int4  not null, "moduleid"  varchar(255), "modulename"  varchar(255), primary key ("oid") )
[18 nov 2025 16:53:09] DEBUG Executing statement:    create table "public"."user" ( "oid"  int4  not null, "username"  varchar(255), "password"  varchar(255), "email"  varchar(255), primary key ("oid") )
[18 nov 2025 16:53:09] DEBUG Executing statement:    create table "public"."nuevo" ( "oid"  int4  not null, "atriburo"  varchar(255), primary key ("oid") )
[18 nov 2025 16:53:09] DEBUG Executing statement:    alter table "public"."group"  add column  "module_oid"  int4
[18 nov 2025 16:53:09] DEBUG Executing statement:  alter table "public"."group"   add constraint fk_group_module foreign key ("module_oid") references "public"."module" ("oid")
[18 nov 2025 16:53:09] DEBUG Executing statement:    create table "public"."group_module" ( "group_oid"  int4 not null, "module_oid"  int4 not null, primary key ("group_oid", "module_oid") )
[18 nov 2025 16:53:09] DEBUG Executing statement:  alter table "public"."group_module"   add constraint fk_group_module_group foreign key ("group_oid") references "public"."group" ("oid")
[18 nov 2025 16:53:09] DEBUG Executing statement:  alter table "public"."group_module"   add constraint fk_group_module_module foreign key ("module_oid") references "public"."module" ("oid")
[18 nov 2025 16:53:09] DEBUG Executing statement:    alter table "public"."user"  add column  "group_oid"  int4
[18 nov 2025 16:53:09] DEBUG Executing statement:  alter table "public"."user"   add constraint fk_user_group foreign key ("group_oid") references "public"."group" ("oid")
[18 nov 2025 16:53:09] DEBUG Executing statement:    create table "public"."user_group" ( "user_oid"  int4 not null, "group_oid"  int4 not null, primary key ("user_oid", "group_oid") )
[18 nov 2025 16:53:09] DEBUG Executing statement:  alter table "public"."user_group"   add constraint fk_user_group_user foreign key ("user_oid") references "public"."user" ("oid")
[18 nov 2025 16:53:09] DEBUG Executing statement:  alter table "public"."user_group"   add constraint fk_user_group_group foreign key ("group_oid") references "public"."group" ("oid")
[18 nov 2025 16:53:09] DEBUG ================================================================================
[18 nov 2025 16:53:09] DEBUG SQL SCRIPT SUCCESSFULLY EXECUTED
[18 nov 2025 16:53:09] INFO Database connection closed
[18 nov 2025 16:53:09] DEBUG Total time: 166 milliseconds
